\BOOKMARK [0][-]{chapter*.1}{\376\377\000L\000i\000s\000t\000\040\000o\000f\000\040\000T\000a\000b\000l\000e\000s}{}% 1
\BOOKMARK [0][-]{chapter*.2}{\376\377\000L\000i\000s\000t\000\040\000o\000f\000\040\000F\000i\000g\000u\000r\000e\000s}{}% 2
\BOOKMARK [0][-]{chapter*.3}{\376\377\000W\000e\000l\000c\000o\000m\000e}{}% 3
\BOOKMARK [0][-]{chapter.1}{\376\377\000S\000h\000i\000n\000y\000\040\000a\000n\000d\000\040\000t\000h\000e\000\040\000W\000e\000b}{}% 4
\BOOKMARK [1][-]{section.1.1}{\376\377\000S\000h\000i\000n\000y\000\040\000g\000e\000n\000e\000r\000a\000t\000e\000s\000\040\000H\000T\000M\000L\000\040\000c\000o\000d\000e\000\040\000f\000r\000o\000m\000\040\000R}{chapter.1}% 5
\BOOKMARK [1][-]{section.1.2}{\376\377\000H\000T\000M\000L\000\040\0001\0000\0001}{chapter.1}% 6
\BOOKMARK [2][-]{subsection.1.2.1}{\376\377\000H\000T\000M\000L\000\040\000B\000a\000s\000i\000c\000s}{section.1.2}% 7
\BOOKMARK [2][-]{subsection.1.2.2}{\376\377\000T\000a\000g\000\040\000a\000t\000t\000r\000i\000b\000u\000t\000e\000s}{section.1.2}% 8
\BOOKMARK [2][-]{subsection.1.2.3}{\376\377\000T\000h\000e\000\040\000s\000i\000m\000p\000l\000e\000s\000t\000\040\000H\000T\000M\000L\000\040\000s\000k\000e\000l\000e\000t\000o\000n}{section.1.2}% 9
\BOOKMARK [2][-]{subsection.1.2.4}{\376\377\000A\000b\000o\000u\000t\000\040\000t\000h\000e\000\040\000D\000o\000c\000u\000m\000e\000n\000t\000\040\000O\000b\000j\000e\000c\000t\000\040\000M\000o\000d\000e\000l\000\040\000\050\000D\000O\000M\000\051}{section.1.2}% 10
\BOOKMARK [2][-]{subsection.1.2.5}{\376\377\000P\000r\000e\000l\000i\000m\000i\000n\000a\000r\000y\000\040\000i\000n\000t\000r\000o\000d\000u\000c\000t\000i\000o\000n\000\040\000t\000o\000\040\000C\000S\000S\000\040\000a\000n\000d\000\040\000J\000a\000v\000a\000S\000c\000r\000i\000p\000t}{section.1.2}% 11
\BOOKMARK [0][-]{chapter.2}{\376\377\000D\000i\000s\000c\000o\000v\000e\000r\000\040\000S\000h\000i\000n\000y\000\040\000d\000e\000p\000e\000n\000d\000e\000n\000c\000i\000e\000s}{}% 12
\BOOKMARK [1][-]{section.2.1}{\376\377\000I\000n\000t\000r\000o\000d\000u\000c\000t\000i\000o\000n}{chapter.2}% 13
\BOOKMARK [1][-]{section.2.2}{\376\377\000B\000o\000o\000t\000s\000t\000r\000a\000p}{chapter.2}% 14
\BOOKMARK [1][-]{section.2.3}{\376\377\000j\000Q\000u\000e\000r\000y\000,\000\040\000D\000O\000M\000\040\000m\000a\000n\000i\000p\000u\000l\000a\000t\000i\000o\000n}{chapter.2}% 15
\BOOKMARK [1][-]{section.2.4}{\376\377\000D\000a\000t\000a\000\040\000f\000o\000r\000m\000a\000t\000i\000n\000g}{chapter.2}% 16
\BOOKMARK [1][-]{section.2.5}{\376\377\000C\000u\000s\000t\000o\000m\000\040\000d\000e\000p\000e\000n\000d\000e\000n\000c\000i\000e\000s}{chapter.2}% 17
\BOOKMARK [1][-]{section.2.6}{\376\377\000E\000x\000e\000r\000c\000i\000s\000e}{chapter.2}% 18
\BOOKMARK [0][-]{chapter.3}{\376\377\000h\000t\000m\000l\000t\000o\000o\000l\000s\000\040\000o\000v\000e\000r\000v\000i\000e\000w}{}% 19
\BOOKMARK [1][-]{section.3.1}{\376\377\000W\000r\000i\000t\000i\000n\000g\000\040\000H\000T\000M\000L\000\040\000T\000a\000g\000s\000\040\000f\000r\000o\000m\000\040\000R}{chapter.3}% 20
\BOOKMARK [1][-]{section.3.2}{\376\377\000N\000o\000t\000a\000t\000i\000o\000n\000s}{chapter.3}% 21
\BOOKMARK [1][-]{section.3.3}{\376\377\000A\000d\000d\000i\000n\000g\000\040\000n\000e\000w\000\040\000t\000a\000g\000s}{chapter.3}% 22
\BOOKMARK [1][-]{section.3.4}{\376\377\000A\000l\000t\000e\000r\000n\000a\000t\000i\000v\000e\000\040\000w\000a\000y\000\040\000t\000o\000\040\000w\000r\000i\000t\000e\000\040\000t\000a\000g\000s}{chapter.3}% 23
\BOOKMARK [1][-]{section.3.5}{\376\377\000P\000l\000a\000y\000i\000n\000g\000\040\000w\000i\000t\000h\000\040\000t\000a\000g\000s}{chapter.3}% 24
\BOOKMARK [2][-]{subsection.3.5.1}{\376\377\000T\000a\000g\000s\000\040\000s\000t\000r\000u\000c\000t\000u\000r\000e}{section.3.5}% 25
\BOOKMARK [2][-]{subsection.3.5.2}{\376\377\000U\000s\000e\000f\000u\000l\000\040\000f\000u\000n\000c\000t\000i\000o\000n\000s\000\040\000f\000o\000r\000\040\000t\000a\000g\000s}{section.3.5}% 26
\BOOKMARK [2][-]{subsection.3.5.3}{\376\377\000O\000t\000h\000e\000r\000\040\000f\000u\000n\000c\000t\000i\000o\000n\000s}{section.3.5}% 27
\BOOKMARK [2][-]{subsection.3.5.4}{\376\377\000C\000o\000n\000d\000i\000t\000i\000o\000n\000a\000l\000l\000y\000\040\000s\000e\000t\000\040\000a\000t\000t\000r\000i\000b\000u\000t\000e\000s}{section.3.5}% 28
\BOOKMARK [2][-]{subsection.3.5.5}{\376\377\000U\000s\000i\000n\000g\000\040\000\045\000>\000\045}{section.3.5}% 29
\BOOKMARK [2][-]{subsection.3.5.6}{\376\377\000P\000r\000o\000g\000r\000a\000m\000m\000a\000t\000i\000c\000a\000l\000l\000y\000\040\000c\000r\000e\000a\000t\000e\000\040\000c\000h\000i\000l\000d\000r\000e\000n\000\040\000e\000l\000e\000m\000e\000n\000t\000s}{section.3.5}% 30
\BOOKMARK [1][-]{section.3.6}{\376\377\000E\000x\000e\000r\000c\000i\000s\000e\000s}{chapter.3}% 31
\BOOKMARK [2][-]{subsection.3.6.1}{\376\377\000E\000x\000e\000r\000c\000i\000s\000e\000\040\0001\000:\000\040\000t\000a\000g\000s\000\040\000s\000t\000r\000u\000c\000t\000u\000r\000e\000\040\000\050\0005\000\040\000m\000i\000n\000u\000t\000e\000s\000\051}{section.3.6}% 32
\BOOKMARK [2][-]{subsection.3.6.2}{\376\377\000E\000x\000e\000r\000c\000i\000s\000e\000\040\0002\000:\000\040\000m\000o\000d\000i\000f\000i\000y\000i\000n\000g\000\040\000t\000a\000g\000s\000\040\000\050\0005\000\040\000m\000i\000n\000u\000t\000e\000s\000\051}{section.3.6}% 33
\BOOKMARK [0][-]{chapter.4}{\376\377\000D\000e\000p\000e\000n\000d\000e\000n\000c\000y\000\040\000u\000t\000i\000l\000i\000t\000i\000e\000s}{}% 34
\BOOKMARK [1][-]{section.4.1}{\376\377\000T\000h\000e\000\040\000d\000i\000r\000t\000y\000\040\000a\000p\000p\000r\000o\000a\000c\000h}{chapter.4}% 35
\BOOKMARK [1][-]{section.4.2}{\376\377\000T\000h\000e\000\040\000c\000l\000e\000a\000n\000\040\000a\000p\000p\000r\000o\000a\000c\000h}{chapter.4}% 36
\BOOKMARK [1][-]{section.4.3}{\376\377\000A\000n\000o\000t\000h\000e\000r\000\040\000e\000x\000a\000m\000p\000l\000e\000:\000\040\000I\000m\000p\000o\000r\000t\000i\000n\000g\000\040\000H\000T\000M\000L\000\040\000d\000e\000p\000e\000n\000d\000e\000n\000c\000i\000e\000s\000\040\000f\000r\000o\000m\000\040\000o\000t\000h\000e\000r\000\040\000p\000a\000c\000k\000a\000g\000e\000s}{chapter.4}% 37
\BOOKMARK [1][-]{section.4.4}{\376\377\000S\000u\000p\000p\000r\000e\000s\000s\000\040\000d\000e\000p\000e\000n\000d\000e\000n\000c\000i\000e\000s}{chapter.4}% 38
\BOOKMARK [1][-]{section.4.5}{\376\377\000R\000e\000s\000o\000l\000v\000e\000\040\000d\000e\000p\000e\000n\000d\000e\000n\000c\000i\000e\000s}{chapter.4}% 39
\BOOKMARK [1][-]{section.4.6}{\376\377\000I\000n\000s\000e\000r\000t\000\040\000C\000u\000s\000t\000o\000m\000\040\000s\000c\000r\000i\000p\000t\000\040\000i\000n\000\040\000t\000h\000e\000\040\000h\000e\000a\000d}{chapter.4}% 40
\BOOKMARK [0][-]{chapter.5}{\376\377\000O\000t\000h\000e\000r\000\040\000t\000o\000o\000l\000s}{}% 41
\BOOKMARK [1][-]{section.5.1}{\376\377\000C\000S\000S}{chapter.5}% 42
\BOOKMARK [0][-]{chapter.6}{\376\377\000J\000a\000v\000a\000S\000c\000r\000i\000p\000t\000\040\000f\000o\000r\000\040\000S\000h\000i\000n\000y}{}% 43
\BOOKMARK [1][-]{section.6.1}{\376\377\000S\000h\000i\000n\000y\000\040\000J\000a\000v\000a\000S\000c\000r\000i\000p\000t\000\040\000s\000o\000u\000r\000c\000e\000s}{chapter.6}% 44
\BOOKMARK [1][-]{section.6.2}{\376\377\000I\000n\000t\000r\000o\000d\000u\000c\000t\000i\000o\000n\000\040\000t\000o\000\040\000J\000a\000v\000a\000S\000c\000r\000i\000p\000t}{chapter.6}% 45
\BOOKMARK [1][-]{section.6.3}{\376\377\000S\000e\000t\000u\000p}{chapter.6}% 46
\BOOKMARK [2][-]{subsection.6.3.1}{\376\377\000N\000o\000d\000e}{section.6.3}% 47
\BOOKMARK [2][-]{subsection.6.3.2}{\376\377\000C\000h\000o\000o\000s\000e\000\040\000a\000\040\000g\000o\000o\000d\000\040\000I\000D\000E}{section.6.3}% 48
\BOOKMARK [2][-]{subsection.6.3.3}{\376\377\000F\000i\000r\000s\000t\000\040\000S\000c\000r\000i\000p\000t}{section.6.3}% 49
\BOOKMARK [1][-]{section.6.4}{\376\377\000P\000r\000o\000g\000r\000a\000m\000m\000i\000n\000g\000\040\000w\000i\000t\000h\000\040\000J\000S\000:\000\040\000b\000a\000s\000i\000s}{chapter.6}% 50
\BOOKMARK [2][-]{subsection.6.4.1}{\376\377\000J\000S\000\040\000t\000y\000p\000e\000s}{section.6.4}% 51
\BOOKMARK [2][-]{subsection.6.4.2}{\376\377\000V\000a\000r\000i\000a\000b\000l\000e\000s}{section.6.4}% 52
\BOOKMARK [2][-]{subsection.6.4.3}{\376\377\000C\000o\000n\000d\000i\000t\000i\000o\000n\000s}{section.6.4}% 53
\BOOKMARK [2][-]{subsection.6.4.4}{\376\377\000O\000b\000j\000e\000c\000t\000s}{section.6.4}% 54
\BOOKMARK [2][-]{subsection.6.4.5}{\376\377\000I\000t\000e\000r\000a\000t\000i\000o\000n\000s}{section.6.4}% 55
\BOOKMARK [2][-]{subsection.6.4.6}{\376\377\000F\000u\000n\000c\000t\000i\000o\000n\000s}{section.6.4}% 56
\BOOKMARK [2][-]{subsection.6.4.7}{\376\377\000E\000v\000e\000n\000t\000\040\000l\000i\000s\000t\000e\000n\000e\000r\000s}{section.6.4}% 57
\BOOKMARK [1][-]{section.6.5}{\376\377\000j\000Q\000u\000e\000r\000y}{chapter.6}% 58
\BOOKMARK [2][-]{subsection.6.5.1}{\376\377\000I\000n\000t\000r\000o\000d\000u\000c\000t\000i\000o\000n}{section.6.5}% 59
\BOOKMARK [2][-]{subsection.6.5.2}{\376\377\000S\000y\000n\000t\000a\000x}{section.6.5}% 60
\BOOKMARK [2][-]{subsection.6.5.3}{\376\377\000U\000s\000e\000f\000u\000l\000\040\000f\000u\000n\000c\000t\000i\000o\000n\000s}{section.6.5}% 61
\BOOKMARK [2][-]{subsection.6.5.4}{\376\377\000C\000h\000a\000i\000n\000i\000n\000g\000\040\000j\000Q\000u\000e\000r\000y\000\040\000m\000e\000t\000h\000o\000d\000s}{section.6.5}% 62
\BOOKMARK [2][-]{subsection.6.5.5}{\376\377\000I\000t\000e\000r\000a\000t\000i\000o\000n\000s}{section.6.5}% 63
\BOOKMARK [2][-]{subsection.6.5.6}{\376\377\000G\000o\000o\000d\000\040\000p\000r\000a\000c\000t\000i\000c\000e}{section.6.5}% 64
\BOOKMARK [2][-]{subsection.6.5.7}{\376\377\000E\000v\000e\000n\000t\000s}{section.6.5}% 65
\BOOKMARK [2][-]{subsection.6.5.8}{\376\377\000E\000x\000t\000e\000n\000d\000i\000n\000g\000\040\000o\000b\000j\000e\000c\000t\000s}{section.6.5}% 66
\BOOKMARK [1][-]{section.6.6}{\376\377\000S\000h\000i\000n\000y\000,\000\040\000J\000a\000v\000a\000S\000c\000r\000i\000p\000t\000\040\000a\000n\000d\000\040\000t\000h\000e\000\040\000H\000T\000M\000L\000\040\000i\000n\000s\000p\000e\000c\000t\000o\000r}{chapter.6}% 67
\BOOKMARK [2][-]{subsection.6.6.1}{\376\377\000T\000h\000e\000\040\000c\000o\000n\000s\000o\000l\000e\000\040\000p\000a\000n\000e\000l}{section.6.6}% 68
\BOOKMARK [2][-]{subsection.6.6.2}{\376\377\000D\000e\000b\000u\000g\000\040\000S\000h\000i\000n\000y\000/\000J\000S\000\040\000c\000o\000d\000e\000\040\000w\000i\000t\000h\000\040\000t\000h\000e\000\040\000i\000n\000s\000p\000e\000c\000t\000o\000r}{section.6.6}% 69
\BOOKMARK [1][-]{section.6.7}{\376\377\000E\000x\000e\000r\000c\000i\000s\000e\000s}{chapter.6}% 70
\BOOKMARK [2][-]{subsection.6.7.1}{\376\377\000E\000x\000e\000r\000c\000i\000s\000e\000\040\0001\000:\000\040\000d\000e\000f\000i\000n\000e\000\040\000v\000a\000r\000i\000a\000b\000l\000e\000s}{section.6.7}% 71
\BOOKMARK [2][-]{subsection.6.7.2}{\376\377\000E\000x\000e\000r\000c\000i\000s\000e\000\040\0002\000:\000\040\000d\000e\000f\000i\000n\000e\000\040\000o\000b\000j\000e\000c\000t\000s}{section.6.7}% 72
\BOOKMARK [2][-]{subsection.6.7.3}{\376\377\000E\000x\000e\000r\000c\000i\000s\000e\000\040\0003\000:\000\040\000j\000Q\000u\000e\000r\000y}{section.6.7}% 73
\BOOKMARK [2][-]{subsection.6.7.4}{\376\377\000E\000x\000e\000r\000c\000i\000s\000e\000\040\0004\000:\000\040\000a\000\040\000p\000u\000r\000e\000\040\000J\000S\000\040\000a\000c\000t\000i\000o\000n\000\040\000b\000u\000t\000t\000o\000n}{section.6.7}% 74
\BOOKMARK [0][-]{chapter.7}{\376\377\000S\000h\000i\000n\000y\000'\000s\000\040\000i\000n\000t\000e\000r\000n\000a\000l\000:\000\040\000s\000e\000s\000s\000i\000o\000n\000\040\000a\000n\000d\000\040\000w\000e\000b\000s\000o\000c\000k\000e\000t\000s}{}% 75
\BOOKMARK [1][-]{section.7.1}{\376\377\000W\000e\000b\000s\000o\000c\000k\000e\000t\000:\000\040\000R\000/\000J\000S\000\040\000b\000i\000d\000i\000r\000e\000c\000t\000i\000o\000n\000a\000l\000\040\000c\000o\000m\000m\000u\000n\000i\000c\000a\000t\000i\000o\000n}{chapter.7}% 76
\BOOKMARK [1][-]{section.7.2}{\376\377\000T\000h\000e\000\040\000S\000h\000i\000n\000y\000\040\000s\000e\000s\000s\000i\000o\000n\000\040\000o\000b\000j\000e\000c\000t}{chapter.7}% 77
\BOOKMARK [1][-]{section.7.3}{\376\377\000T\000h\000e\000\040\000S\000h\000i\000n\000y\000\040\000J\000a\000v\000a\000S\000c\000r\000i\000p\000t\000\040\000o\000b\000j\000e\000c\000t}{chapter.7}% 78
\BOOKMARK [0][-]{chapter.8}{\376\377\000S\000h\000i\000n\000y\000'\000s\000\040\000i\000n\000p\000u\000t\000\040\000s\000y\000s\000t\000e\000m}{}% 79
\BOOKMARK [1][-]{section.8.1}{\376\377\000I\000n\000i\000t\000i\000a\000l\000i\000z\000a\000t\000i\000o\000n}{chapter.8}% 80
\BOOKMARK [1][-]{section.8.2}{\376\377\000I\000n\000p\000u\000t\000\040\000b\000i\000n\000d\000i\000n\000g\000s}{chapter.8}% 81
\BOOKMARK [2][-]{subsection.8.2.1}{\376\377\000I\000n\000p\000u\000t\000\040\000s\000t\000r\000u\000c\000t\000u\000r\000e}{section.8.2}% 82
\BOOKMARK [2][-]{subsection.8.2.2}{\376\377\000B\000i\000n\000d\000i\000n\000g\000\040\000S\000h\000i\000n\000y\000\040\000i\000n\000p\000u\000t\000s}{section.8.2}% 83
\BOOKMARK [2][-]{subsection.8.2.3}{\376\377\000E\000d\000i\000t\000\040\000a\000n\000\040\000i\000n\000p\000u\000t\000\040\000b\000i\000n\000d\000i\000n\000g}{section.8.2}% 84
\BOOKMARK [2][-]{subsection.8.2.4}{\376\377\000U\000p\000d\000a\000t\000e\000\040\000a\000\040\000b\000i\000n\000d\000i\000n\000g\000\040\000f\000r\000o\000m\000\040\000t\000h\000e\000\040\000c\000l\000i\000e\000n\000t}{section.8.2}% 85
\BOOKMARK [1][-]{section.8.3}{\376\377\000B\000i\000n\000d\000i\000n\000g\000\040\000o\000t\000h\000e\000r\000\040\000e\000l\000e\000m\000e\000n\000t\000s}{chapter.8}% 86
\BOOKMARK [2][-]{subsection.8.3.1}{\376\377\000\173\000s\000h\000i\000n\000y\000d\000a\000s\000h\000b\000o\000a\000r\000d\000\175\000\040\000b\000o\000x\000e\000s\000\040\000o\000n\000\040\000s\000t\000e\000r\000o\000i\000d\000s}{section.8.3}% 87
\BOOKMARK [2][-]{subsection.8.3.2}{\376\377\000G\000o\000i\000n\000g\000\040\000f\000u\000r\000t\000h\000e\000r}{section.8.3}% 88
\BOOKMARK [1][-]{section.8.4}{\376\377\000U\000t\000i\000l\000i\000t\000i\000e\000s\000\040\000t\000o\000\040\000q\000u\000i\000c\000k\000l\000y\000\040\000d\000e\000f\000i\000n\000e\000\040\000n\000e\000w\000\040\000i\000n\000p\000u\000t\000s}{chapter.8}% 89
\BOOKMARK [2][-]{subsection.8.4.1}{\376\377\000I\000n\000t\000r\000o\000d\000u\000c\000t\000i\000o\000n}{section.8.4}% 90
\BOOKMARK [2][-]{subsection.8.4.2}{\376\377\000E\000x\000a\000m\000p\000l\000e\000s}{section.8.4}% 91
\BOOKMARK [2][-]{subsection.8.4.3}{\376\377\000C\000u\000s\000t\000o\000m\000\040\000d\000a\000t\000a\000\040\000f\000o\000r\000m\000a\000t}{section.8.4}% 92
\BOOKMARK [1][-]{section.8.5}{\376\377\000H\000i\000d\000d\000e\000n\000\040\000g\000e\000m\000s\000\040\000a\000b\000o\000u\000t\000\040\000i\000n\000p\000u\000t\000s}{chapter.8}% 93
\BOOKMARK [2][-]{subsection.8.5.1}{\376\377\000G\000e\000t\000\040\000a\000c\000c\000e\000s\000s\000\040\000t\000o\000\040\000i\000n\000i\000t\000i\000a\000l\000\040\000v\000a\000l\000u\000e\000s}{section.8.5}% 94
\BOOKMARK [2][-]{subsection.8.5.2}{\376\377\000G\000e\000t\000\040\000t\000h\000e\000\040\000l\000a\000s\000t\000\040\000c\000h\000a\000n\000g\000e\000d\000\040\000i\000n\000p\000u\000t}{section.8.5}% 95
\BOOKMARK [0][-]{chapter.9}{\376\377\000C\000u\000s\000t\000o\000m\000\040\000h\000a\000n\000d\000l\000e\000r\000s\000:\000\040\000f\000r\000o\000m\000\040\000R\000\040\000t\000o\000\040\000J\000a\000v\000a\000S\000c\000r\000i\000p\000t}{}% 96
\BOOKMARK [0][-]{chapter.10}{\376\377\000T\000e\000m\000p\000l\000a\000t\000e\000\040\000s\000e\000l\000e\000c\000t\000i\000o\000n}{}% 97
\BOOKMARK [0][-]{chapter.11}{\376\377\000D\000e\000f\000i\000n\000e\000\040\000d\000e\000p\000e\000n\000d\000e\000n\000c\000i\000e\000s}{}% 98
\BOOKMARK [1][-]{section.11.1}{\376\377\000D\000i\000s\000c\000o\000v\000e\000r\000\040\000t\000h\000e\000\040\000p\000r\000o\000j\000e\000c\000t}{chapter.11}% 99
\BOOKMARK [1][-]{section.11.2}{\376\377\000I\000d\000e\000n\000t\000i\000f\000y\000\040\000m\000a\000n\000d\000a\000t\000o\000r\000y\000\040\000d\000e\000p\000e\000n\000d\000e\000n\000c\000i\000e\000s}{chapter.11}% 100
\BOOKMARK [1][-]{section.11.3}{\376\377\000B\000u\000n\000d\000l\000e\000\040\000d\000e\000p\000e\000n\000d\000e\000n\000c\000i\000e\000s}{chapter.11}% 101
\BOOKMARK [0][-]{chapter.12}{\376\377\000T\000e\000m\000p\000l\000a\000t\000e\000\040\000s\000k\000e\000l\000e\000t\000o\000n}{}% 102
\BOOKMARK [1][-]{section.12.1}{\376\377\000I\000d\000e\000n\000t\000i\000f\000y\000\040\000t\000e\000m\000p\000l\000a\000t\000e\000\040\000e\000l\000e\000m\000e\000n\000t\000s}{chapter.12}% 103
\BOOKMARK [1][-]{section.12.2}{\376\377\000D\000e\000s\000i\000g\000n\000\040\000t\000h\000e\000\040\000p\000a\000g\000e\000\040\000l\000a\000y\000o\000u\000t}{chapter.12}% 104
\BOOKMARK [2][-]{subsection.12.2.1}{\376\377\000T\000h\000e\000\040\000p\000a\000g\000e\000\040\000w\000r\000a\000p\000p\000e\000r}{section.12.2}% 105
\BOOKMARK [2][-]{subsection.12.2.2}{\376\377\000T\000h\000e\000\040\000b\000o\000d\000y\000\040\000c\000o\000n\000t\000e\000n\000t}{section.12.2}% 106
\BOOKMARK [2][-]{subsection.12.2.3}{\376\377\000T\000h\000e\000\040\000f\000o\000o\000t\000e\000r}{section.12.2}% 107
\BOOKMARK [2][-]{subsection.12.2.4}{\376\377\000T\000h\000e\000\040\000n\000a\000v\000b\000a\000r\000\040\000\050\000o\000r\000\040\000h\000e\000a\000d\000e\000r\000\051}{section.12.2}% 108
\BOOKMARK [2][-]{subsection.12.2.5}{\376\377\000C\000a\000r\000d\000\040\000c\000o\000n\000t\000a\000i\000n\000e\000r\000s}{section.12.2}% 109
\BOOKMARK [2][-]{subsection.12.2.6}{\376\377\000R\000i\000b\000b\000o\000n\000s\000:\000\040\000c\000a\000r\000d\000\040\000c\000o\000m\000p\000o\000n\000e\000n\000t\000s}{section.12.2}% 110
\BOOKMARK [2][-]{subsection.12.2.7}{\376\377\000I\000c\000o\000n\000s}{section.12.2}% 111
\BOOKMARK [1][-]{section.12.3}{\376\377\000E\000x\000e\000r\000c\000i\000s\000e\000s}{chapter.12}% 112
\BOOKMARK [0][-]{chapter.13}{\376\377\000T\000e\000s\000t\000i\000n\000g\000\040\000a\000n\000d\000\040\000v\000a\000l\000i\000d\000a\000t\000i\000n\000g\000\040\000t\000e\000m\000p\000l\000a\000t\000e\000s\000\040\000e\000l\000e\000m\000e\000n\000t\000s}{}% 113
\BOOKMARK [1][-]{section.13.1}{\376\377\000V\000a\000l\000i\000d\000a\000t\000e\000\040\000t\000e\000m\000p\000l\000a\000t\000e\000\040\000f\000u\000n\000c\000t\000i\000o\000n\000s}{chapter.13}% 114
\BOOKMARK [2][-]{subsection.13.1.1}{\376\377\000C\000r\000e\000a\000t\000e\000\040\000y\000o\000u\000r\000\040\000o\000w\000n\000\040\000v\000a\000l\000i\000d\000a\000t\000i\000o\000n\000s}{section.13.1}% 115
\BOOKMARK [2][-]{subsection.13.1.2}{\376\377\000E\000x\000i\000s\000t\000i\000n\000g\000\040\000u\000t\000i\000l\000s\000\040\000f\000u\000n\000c\000t\000i\000o\000n\000s}{section.13.1}% 116
\BOOKMARK [2][-]{subsection.13.1.3}{\376\377\000E\000x\000a\000m\000p\000l\000e\000:\000\040\000r\000e\000f\000i\000n\000e\000\040\000n\000a\000v\000b\000a\000r\000\040\000m\000e\000n\000u\000\040\000i\000t\000e\000m\000s}{section.13.1}% 117
\BOOKMARK [1][-]{section.13.2}{\376\377\000T\000e\000s\000t\000i\000n\000g\000\040\000t\000e\000m\000p\000l\000a\000t\000e\000s\000\040\000e\000l\000e\000m\000e\000n\000t\000s}{chapter.13}% 118
\BOOKMARK [2][-]{subsection.13.2.1}{\376\377\000T\000e\000s\000t\000i\000n\000g\000\040\000t\000e\000m\000p\000l\000a\000t\000e\000\040\000b\000e\000h\000a\000v\000i\000o\000r}{section.13.2}% 119
\BOOKMARK [1][-]{section.13.3}{\376\377\000T\000e\000s\000t\000i\000n\000g\000\040\000J\000a\000v\000a\000S\000c\000r\000i\000p\000t}{chapter.13}% 120
\BOOKMARK [0][-]{chapter.14}{\376\377\000D\000e\000v\000e\000l\000o\000p\000\040\000c\000u\000s\000t\000o\000m\000\040\000i\000n\000p\000u\000t\000\040\000w\000i\000d\000g\000e\000t\000s}{}% 121
\BOOKMARK [1][-]{section.14.1}{\376\377\000T\000a\000b\000l\000e\000r\000\040\000a\000c\000t\000i\000o\000n\000\040\000b\000u\000t\000t\000o\000n}{chapter.14}% 122
\BOOKMARK [2][-]{subsection.14.1.1}{\376\377\000R\000e\000m\000i\000n\000d\000e\000r\000s\000\040\000a\000b\000o\000u\000t\000\040\000t\000h\000e\000\040\000a\000c\000t\000i\000o\000n\000\040\000b\000u\000t\000t\000o\000n}{section.14.1}% 123
\BOOKMARK [2][-]{subsection.14.1.2}{\376\377\000A\000p\000p\000l\000i\000c\000a\000t\000i\000o\000n\000\040\000t\000o\000\040\000T\000a\000b\000l\000e\000r}{section.14.1}% 124
\BOOKMARK [1][-]{section.14.2}{\376\377\000T\000o\000g\000g\000l\000e\000\040\000S\000w\000i\000t\000c\000h}{chapter.14}% 125
\BOOKMARK [1][-]{section.14.3}{\376\377\000N\000a\000v\000b\000a\000r\000\040\000m\000e\000n\000u\000\040\000i\000n\000p\000u\000t}{chapter.14}% 126
\BOOKMARK [1][-]{section.14.4}{\376\377\000E\000x\000e\000r\000c\000i\000s\000e\000s}{chapter.14}% 127
\BOOKMARK [0][-]{chapter.15}{\376\377\000A\000d\000d\000i\000n\000g\000\040\000m\000o\000r\000e\000\040\000i\000n\000t\000e\000r\000a\000c\000t\000i\000v\000i\000t\000y}{}% 128
\BOOKMARK [1][-]{section.15.1}{\376\377\000C\000u\000s\000t\000o\000m\000\040\000p\000r\000o\000g\000r\000e\000s\000s\000\040\000b\000a\000r\000s}{chapter.15}% 129
\BOOKMARK [1][-]{section.15.2}{\376\377\000U\000s\000e\000r\000\040\000f\000e\000e\000d\000b\000a\000c\000k\000:\000\040\000t\000o\000a\000s\000t\000s}{chapter.15}% 130
\BOOKMARK [2][-]{subsection.15.2.1}{\376\377\000T\000o\000a\000s\000t\000\040\000s\000k\000e\000l\000e\000t\000o\000n}{section.15.2}% 131
\BOOKMARK [2][-]{subsection.15.2.2}{\376\377\000T\000h\000e\000\040\000t\000o\000a\000s\000t\000\040\000A\000P\000I}{section.15.2}% 132
\BOOKMARK [2][-]{subsection.15.2.3}{\376\377\000R\000\040\000i\000m\000p\000l\000e\000m\000e\000n\000t\000a\000t\000i\000o\000n}{section.15.2}% 133
\BOOKMARK [2][-]{subsection.15.2.4}{\376\377\000W\000r\000a\000p\000\040\000u\000p}{section.15.2}% 134
\BOOKMARK [1][-]{section.15.3}{\376\377\000T\000r\000a\000n\000s\000f\000o\000r\000m\000\040\000a\000n\000\040\000e\000l\000e\000m\000e\000n\000t\000\040\000i\000n\000\040\000a\000\040\000c\000u\000s\000t\000o\000m\000\040\000a\000c\000t\000i\000o\000n\000\040\000b\000u\000t\000t\000o\000n}{chapter.15}% 135
\BOOKMARK [1][-]{section.15.4}{\376\377\000T\000a\000b\000\040\000e\000v\000e\000n\000t\000s}{chapter.15}% 136
\BOOKMARK [2][-]{subsection.15.4.1}{\376\377\000I\000n\000s\000e\000r\000t\000/\000R\000e\000m\000o\000v\000e\000\040\000t\000a\000b\000s\000\040\000i\000n\000\040\000t\000a\000b\000s\000e\000t\000p\000a\000n\000e\000l}{section.15.4}% 137
\BOOKMARK [1][-]{section.15.5}{\376\377\000E\000x\000e\000r\000c\000i\000s\000e\000s}{chapter.15}% 138
\BOOKMARK [0][-]{chapter.16}{\376\377\000I\000n\000t\000r\000o\000d\000u\000c\000t\000i\000o\000n\000\040\000t\000o\000\040\000\173\000c\000h\000a\000r\000p\000e\000n\000t\000e\000\175}{}% 139
\BOOKMARK [1][-]{section.16.1}{\376\377\000M\000o\000t\000i\000v\000a\000t\000i\000o\000n\000s}{chapter.16}% 140
\BOOKMARK [1][-]{section.16.2}{\376\377\000S\000t\000e\000p\000\040\000b\000y\000\040\000s\000t\000e\000p}{chapter.16}% 141
\BOOKMARK [0][-]{chapter.17}{\376\377\000B\000e\000a\000u\000t\000i\000f\000y\000\040\000w\000i\000t\000h\000\040\000f\000r\000e\000s\000h}{}% 142
\BOOKMARK [1][-]{section.17.1}{\376\377\000\173\000f\000r\000e\000s\000h\000\175\000,\000\040\000t\000h\000e\000\040\000b\000i\000g\000\040\000p\000i\000c\000t\000u\000r\000e}{chapter.17}% 143
\BOOKMARK [0][-]{chapter*.69}{\376\377\000B\000i\000b\000l\000i\000o\000g\000r\000a\000p\000h\000y}{}% 144
